<?xml version="1.0" encoding="UTF-8"?>
<!-- Generated by org.testng.reporters.JUnitXMLReporter -->
<testsuite ignored="0" hostname="Bidve-HHQ2QL3" failures="3" tests="3" name="Test" time="10.098" errors="0" timestamp="2024-07-13T23:27:58 IST">
  <testcase classname="io.cucumber.testng.AbstractTestNGCucumberTests" name="runScenario" time="6.148">
    <failure type="java.lang.NullPointerException" message="Cannot invoke &amp;quot;com.spotify.pojo.Playlist.getName()&amp;quot; because &amp;quot;this.playlist&amp;quot; is null">
      <![CDATA[java.lang.NullPointerException: Cannot invoke "com.spotify.pojo.Playlist.getName()" because "this.playlist" is null
at steps.PlaylistSteps.api_call_executed_with_status_code(PlaylistSteps.java:50)
at ✽.API call executed with status code 201(file:///C:/Users/bidve.amol/eclipse-workspace/RestAssuredBDDFramework/src/test/resources/spotifyfeature/Playlist.feature:5)
]]>
    </failure>
  </testcase> <!-- runScenario -->
  <testcase classname="io.cucumber.testng.AbstractTestNGCucumberTests" name="runScenario" time="0.381">
    <failure type="java.lang.IllegalArgumentException" message="parameterValue cannot be null">
      <![CDATA[java.lang.IllegalArgumentException: parameterValue cannot be null
at org.codehaus.groovy.runtime.callsite.ConstructorSite$ConstructorSiteNoUnwrap.callConstructor(ConstructorSite.java:86)
at org.codehaus.groovy.runtime.callsite.CallSiteArray.defaultCallConstructor(CallSiteArray.java:57)
at org.codehaus.groovy.runtime.callsite.AbstractCallSite.callConstructor(AbstractCallSite.java:263)
at org.codehaus.groovy.runtime.callsite.AbstractCallSite.callConstructor(AbstractCallSite.java:277)
at io.restassured.internal.common.assertion.AssertParameter.notNull(AssertParameter.groovy:26)
at io.restassured.internal.common.assertion.AssertParameter$notNull.callStatic(Unknown Source)
at org.codehaus.groovy.runtime.callsite.CallSiteArray.defaultCallStatic(CallSiteArray.java:53)
at org.codehaus.groovy.runtime.callsite.AbstractCallSite.callStatic(AbstractCallSite.java:217)
at org.codehaus.groovy.runtime.callsite.AbstractCallSite.callStatic(AbstractCallSite.java:240)
at io.restassured.internal.RequestSpecificationImpl.pathParam(RequestSpecificationImpl.groovy:515)
at steps.PlaylistSteps.get_a_playlis_payload(PlaylistSteps.java:73)
at ✽.Get a playlis payload(file:///C:/Users/bidve.amol/eclipse-workspace/RestAssuredBDDFramework/src/test/resources/spotifyfeature/Playlist.feature:8)
... Removed 5 stack frames]]>
    </failure>
  </testcase> <!-- runScenario -->
  <testcase classname="io.cucumber.testng.AbstractTestNGCucumberTests" name="runScenario" time="0.734">
    <failure type="java.lang.NullPointerException" message="Cannot invoke &amp;quot;io.restassured.response.Response.then()&amp;quot; because &amp;quot;this.response&amp;quot; is null">
      <![CDATA[java.lang.NullPointerException: Cannot invoke "io.restassured.response.Response.then()" because "this.response" is null
at steps.PlaylistSteps.api_call_executed_should_with_status_code(PlaylistSteps.java:129)
at ✽.API call executed should with status code 200(file:///C:/Users/bidve.amol/eclipse-workspace/RestAssuredBDDFramework/src/test/resources/spotifyfeature/Playlist.feature:15)
]]>
    </failure>
  </testcase> <!-- runScenario -->
</testsuite> <!-- Test -->
