<?xml version="1.0" encoding="UTF-8"?>
<testsuite xmlns:xsi="http://www.w3.org/2001/XMLSchema-instance" xsi:noNamespaceSchemaLocation="https://maven.apache.org/surefire/maven-surefire-plugin/xsd/surefire-test-report-3.0.xsd" version="3.0" name="TestSuite" time="6.407" tests="3" errors="0" skipped="0" failures="1">
  <properties>
[...]
</properties>
  <testcase name="runScenario[&quot;Verify if create playlist functionality is working&quot;, &quot;Validate Playlist API&quot;](1)" classname="runner.PlayListRunner" time="2.581">
    <system-out><![CDATA[
Scenario: Verify if create playlist functionality is working &amp#27;[90m# src/test/resources/spotifyfeature/Playlist.feature:2&amp#27;[0m
  &amp#27;[32mGiven &amp#27;[0m&amp#27;[32mcreate playlist API payload&amp#27;[0m                          &amp#27;[90m# steps.PlaylistSteps.create_playlist_api_payload()&amp#27;[0m
Request method:	POST
Request URI:	https://api.spotify.com/v1/users/31347cap2qzknrb7ecglwtie6i6e/playlists
Proxy:			<none>
Request params:	<none>
Query params:	<none>
Form params:	<none>
Path params:	<none>
Headers:		Authorization=Bearer BQB5AKcPWbIA7Uw0JzXKd7nLaCepYqhS8Sv2l5CqtDaXn6G8GdICmBLakQQJ0p7Sue6bz1Qsep8LJzRtHYCBlt1QPQwJgP4mO1QeHcmRMZ1n7PAU-8qex72_CipF0vTw2OYHPDVjlhCKhvgl_Qtk4WAbgfPzu_BMwOiCcyL1zk4d4LvA-RUTJNBGy_umAv--rbp8jhWgzyTQ3xaYSUv8wSYTHmcBDbUAPranRbvlLytIZFPl0pOjNerrHm2P-oAmL92AeHa-a1sSvyhm
				Accept=*/*
				Content-Type=application/json
Cookies:		<none>
Multiparts:		<none>
Body:
{
    "description": "Creating using spotify id222",
    "name": " Create 9 framework builder with rest assured23",
    "public": false
}
  &amp#27;[32mWhen &amp#27;[0m&amp#27;[32muser calls with  Post http request&amp#27;[0m                    &amp#27;[90m# steps.PlaylistSteps.user_calls_with_Post_http_request()&amp#27;[0m
 Create 9 framework builder with rest assured23
playlistid=20ixs9BWV6u6yWCKqpNNrE
HTTP/1.1 201 Created
content-type: application/json; charset=utf-8
cache-control: private, max-age=0
x-robots-tag: noindex, nofollow
access-control-allow-origin: *
access-control-allow-headers: Accept, App-Platform, Authorization, Content-Type, Origin, Retry-After, Spotify-App-Version, X-Cloud-Trace-Context, client-token, content-access-token
access-control-allow-methods: GET, POST, OPTIONS, PUT, DELETE, PATCH
access-control-allow-credentials: true
access-control-max-age: 604800
content-encoding: gzip
strict-transport-security: max-age=31536000
x-content-type-options: nosniff
date: Mon, 15 Jul 2024 11:39:14 GMT
server: envoy
Via: HTTP/2 edgeproxy, 1.1 google
Alt-Svc: h3=":443"; ma=2592000,h3-29=":443"; ma=2592000
Transfer-Encoding: chunked

{
    "collaborative": false,
    "description": "Creating using spotify id222",
    "external_urls": {
        "spotify": "https://open.spotify.com/playlist/20ixs9BWV6u6yWCKqpNNrE"
    },
    "followers": {
        "href": null,
        "total": 0
    },
    "href": "https://api.spotify.com/v1/playlists/20ixs9BWV6u6yWCKqpNNrE",
    "id": "20ixs9BWV6u6yWCKqpNNrE",
    "images": [
        
    ],
    "primary_color": null,
    "name": " Create 9 framework builder with rest assured23",
    "type": "playlist",
    "uri": "spotify:playlist:20ixs9BWV6u6yWCKqpNNrE",
    "owner": {
        "href": "https://api.spotify.com/v1/users/31347cap2qzknrb7ecglwtie6i6e",
        "id": "31347cap2qzknrb7ecglwtie6i6e",
        "type": "user",
        "uri": "spotify:user:31347cap2qzknrb7ecglwtie6i6e",
        "display_name": null,
        "external_urls": {
            "spotify": "https://open.spotify.com/user/31347cap2qzknrb7ecglwtie6i6e"
        }
    },
    "public": false,
    "snapshot_id": "AAAASo56R2rf0vGO+T0fEDtzfJ3g/xdz",
    "tracks": {
        "limit": 100,
        "next": null,
        "offset": 0,
        "previous": null,
        "href": "https://api.spotify.com/v1/playlists/20ixs9BWV6u6yWCKqpNNrE/tracks",
        "total": 0,
        "items": [
            
        ]
    }
}
  &amp#27;[32mThen &amp#27;[0m&amp#27;[32mAPI call executed with status code &amp#27;[0m&amp#27;[32m&amp#27;[1m201&amp#27;[0m                &amp#27;[90m# steps.PlaylistSteps.api_call_executed_with_status_code(java.lang.Integer)&amp#27;[0m
]]></system-out>
    <system-err><![CDATA[SLF4J(W): No SLF4J providers were found.
SLF4J(W): Defaulting to no-operation (NOP) logger implementation
SLF4J(W): See https://www.slf4j.org/codes.html#noProviders for further details.
]]></system-err>
  </testcase>
  <testcase name="runScenario[&quot;Verify if fetch playlist functionality is working&quot;, &quot;Validate Playlist API&quot;](2)" classname="runner.PlayListRunner" time="0.5">
    <system-out><![CDATA[
Scenario: Verify if fetch playlist functionality is working &amp#27;[90m# src/test/resources/spotifyfeature/Playlist.feature:7&amp#27;[0m
  &amp#27;[32mGiven &amp#27;[0m&amp#27;[32mGet a playlis payload&amp#27;[0m                               &amp#27;[90m# steps.PlaylistSteps.get_a_playlis_payload()&amp#27;[0m
playlistid in get=20ixs9BWV6u6yWCKqpNNrE
Request method:	GET
Request URI:	https://api.spotify.com/v1/playlists/20ixs9BWV6u6yWCKqpNNrE
Proxy:			<none>
Request params:	<none>
Query params:	<none>
Form params:	<none>
Path params:	pid=20ixs9BWV6u6yWCKqpNNrE
Headers:		Authorization=Bearer BQArW7D0z8jFNB-9I7KnyXrxi9DEdUiqedKeCYDaM22llw4t3BtaU4_P-RaIRxMzlVMckxIrAeqYVw4NIipPTVkgS8cdn8Vdqtfelh59qNx45vNF0HtJ_38wNcNywUekkC_OgOomX4ns0MjAIWrgJp9RthGN_d3OPM2643e6lakiJkL6TgX08w0GNz6rCOMOHd_x1ORmBYZWManp7sZ-uKZVSosBdsEv8WlWrV2jpSbAUmk3hlGeT_Nf3Tc4CRiZKyrmTm3g5NepOTI_
				Accept=*/*
				Content-Type=application/json
Cookies:		<none>
Multiparts:		<none>
Body:			<none>
HTTP/1.1 200 OK
content-type: application/json; charset=utf-8
cache-control: public, max-age=0
etag: "MC-ImIxYzg0MDRmZGE2Mzk0Y2Y4OTdiNDk1ZjZhYzQwYzhlIg=="
x-robots-tag: noindex, nofollow
access-control-allow-origin: *
access-control-allow-headers: Accept, App-Platform, Authorization, Content-Type, Origin, Retry-After, Spotify-App-Version, X-Cloud-Trace-Context, client-token, content-access-token
access-control-allow-methods: GET, POST, OPTIONS, PUT, DELETE, PATCH
access-control-allow-credentials: true
access-control-max-age: 604800
content-encoding: gzip
strict-transport-security: max-age=31536000
x-content-type-options: nosniff
date: Mon, 15 Jul 2024 11:39:15 GMT
server: envoy
Via: HTTP/2 edgeproxy, 1.1 google
Alt-Svc: h3=":443"; ma=2592000,h3-29=":443"; ma=2592000
Transfer-Encoding: chunked

{
    "collaborative": false,
    "description": "Creating using spotify id222",
    "external_urls": {
        "spotify": "https://open.spotify.com/playlist/20ixs9BWV6u6yWCKqpNNrE"
    },
    "followers": {
        "href": null,
        "total": 0
    },
    "href": "https://api.spotify.com/v1/playlists/20ixs9BWV6u6yWCKqpNNrE",
    "id": "20ixs9BWV6u6yWCKqpNNrE",
    "images": null,
    "name": " Create 9 framework builder with rest assured23",
    "owner": {
        "display_name": "Bkamol",
        "external_urls": {
            "spotify": "https://open.spotify.com/user/31347cap2qzknrb7ecglwtie6i6e"
        },
        "href": "https://api.spotify.com/v1/users/31347cap2qzknrb7ecglwtie6i6e",
        "id": "31347cap2qzknrb7ecglwtie6i6e",
        "type": "user",
        "uri": "spotify:user:31347cap2qzknrb7ecglwtie6i6e"
    },
    "primary_color": null,
    "public": true,
    "snapshot_id": "AAAAAQ0PFhSmKW5UZvQHXkNCkyWRmw98",
    "tracks": {
        "href": "https://api.spotify.com/v1/playlists/20ixs9BWV6u6yWCKqpNNrE/tracks?offset=0&limit=0",
        "items": [
            
        ],
        "limit": 0,
        "next": null,
        "offset": 0,
        "previous": null,
        "total": 0
    },
    "type": "playlist",
    "uri": "spotify:playlist:20ixs9BWV6u6yWCKqpNNrE"
}
  &amp#27;[32mWhen &amp#27;[0m&amp#27;[32muser calls with get http request&amp#27;[0m                     &amp#27;[90m# steps.PlaylistSteps.user_calls_with_get_http_request()&amp#27;[0m
  &amp#27;[32mThen &amp#27;[0m&amp#27;[32mAPI call executed with the status code &amp#27;[0m&amp#27;[32m&amp#27;[1m200&amp#27;[0m           &amp#27;[90m# steps.PlaylistSteps.api_call_executed_with_the_status_code(java.lang.Integer)&amp#27;[0m
]]></system-out>
  </testcase>
  <testcase name="runScenario[&quot;Verify if update playlist functionality is working&quot;, &quot;Validate Playlist API&quot;](3)" classname="runner.PlayListRunner" time="0.556">
    <failure message="1 expectation failed.&#10;Expected status code &lt;400&gt; but was &lt;200&gt;.&#10;" type="java.lang.AssertionError"><![CDATA[java.lang.AssertionError: 
1 expectation failed.
Expected status code <400> but was <200>.

	at java.base/jdk.internal.reflect.DirectConstructorHandleAccessor.newInstance(DirectConstructorHandleAccessor.java:67)
	at java.base/java.lang.reflect.Constructor.newInstanceWithCaller(Constructor.java:499)
	at java.base/java.lang.reflect.Constructor.newInstance(Constructor.java:483)
	at org.codehaus.groovy.reflection.CachedConstructor.invoke(CachedConstructor.java:73)
	at org.codehaus.groovy.runtime.callsite.ConstructorSite$ConstructorSiteNoUnwrapNoCoerce.callConstructor(ConstructorSite.java:108)
	at org.codehaus.groovy.runtime.callsite.CallSiteArray.defaultCallConstructor(CallSiteArray.java:57)
	at org.codehaus.groovy.runtime.callsite.AbstractCallSite.callConstructor(AbstractCallSite.java:263)
	at org.codehaus.groovy.runtime.callsite.AbstractCallSite.callConstructor(AbstractCallSite.java:277)
	at io.restassured.internal.ResponseSpecificationImpl$HamcrestAssertionClosure.validate(ResponseSpecificationImpl.groovy:512)
	at io.restassured.internal.ResponseSpecificationImpl$HamcrestAssertionClosure$validate$1.call(Unknown Source)
	at io.restassured.internal.ResponseSpecificationImpl.validateResponseIfRequired(ResponseSpecificationImpl.groovy:696)
	at io.restassured.internal.ResponseSpecificationImpl.this$2$validateResponseIfRequired(ResponseSpecificationImpl.groovy)
	at java.base/jdk.internal.reflect.DirectMethodHandleAccessor.invoke(DirectMethodHandleAccessor.java:104)
	at java.base/java.lang.reflect.Method.invoke(Method.java:577)
	at org.codehaus.groovy.runtime.callsite.PlainObjectMetaMethodSite.doInvoke(PlainObjectMetaMethodSite.java:43)
	at org.codehaus.groovy.runtime.callsite.PogoMetaMethodSite$PogoCachedMethodSiteNoUnwrapNoCoerce.invoke(PogoMetaMethodSite.java:198)
	at org.codehaus.groovy.runtime.callsite.PogoMetaMethodSite.callCurrent(PogoMetaMethodSite.java:62)
	at org.codehaus.groovy.runtime.callsite.AbstractCallSite.callCurrent(AbstractCallSite.java:185)
	at io.restassured.internal.ResponseSpecificationImpl.statusCode(ResponseSpecificationImpl.groovy:135)
	at io.restassured.specification.ResponseSpecification$statusCode$0.callCurrent(Unknown Source)
	at io.restassured.internal.ResponseSpecificationImpl.statusCode(ResponseSpecificationImpl.groovy:143)
	at io.restassured.internal.ValidatableResponseOptionsImpl.statusCode(ValidatableResponseOptionsImpl.java:89)
	at steps.PlaylistSteps.api_call_executed_should_with_status_code(PlaylistSteps.java:109)
	at ✽.API call executed should with status code 400(file:///C:/Users/bidve.amol/eclipse-workspace/RestAssuredBDDFramework/src/test/resources/spotifyfeature/Playlist.feature:15)
]]></failure>
    <system-out><![CDATA[
Scenario: Verify if update playlist functionality is working &amp#27;[90m# src/test/resources/spotifyfeature/Playlist.feature:12&amp#27;[0m
  &amp#27;[32mGiven &amp#27;[0m&amp#27;[32mupdate a playlis API payload&amp#27;[0m                         &amp#27;[90m# steps.PlaylistSteps.update_a_playlis_api_payload()&amp#27;[0m
Request method:	PUT
Request URI:	https://api.spotify.com/v1/playlists/20ixs9BWV6u6yWCKqpNNrE
Proxy:			<none>
Request params:	<none>
Query params:	<none>
Form params:	<none>
Path params:	<none>
Headers:		Authorization=Bearer BQB4tUQsGDa6n_rVdmtg8_ugSAtxNIG3H08TUICDP51Kc34Zz1OyV5y3gL3SBks7Wt9O4HckqCIkWQYnV9-kzmXVl4fk8ZTqDkZd1huvdZev50f4uCsiJD3nm18QfysAX6_ZlF7R6vfiVjwfo_CZS6A0hNYKSeJjT5urv8MLqvTgj-jVsVTylXMTYMAGoIt6sGXhCNTkWslyGX-VOJilMLGJjAXjVsJ4spQvdUCit4XB0h9nHRdU52sgIqS4P5cf693Aw1jtdpTW3JyT
				Accept=*/*
				Content-Type=application/json
Cookies:		<none>
Multiparts:		<none>
Body:
{
    "description": "Creating using spotify id222",
    "name": "framework update with rest assured",
    "public": false
}
  &amp#27;[32mWhen &amp#27;[0m&amp#27;[32muser calls with put http request&amp#27;[0m                      &amp#27;[90m# steps.PlaylistSteps.user_calls_with_put_http_request()&amp#27;[0m
  &amp#27;[31mThen &amp#27;[0m&amp#27;[31mAPI call executed should with status code &amp#27;[0m&amp#27;[31m&amp#27;[1m400&amp#27;[0m         &amp#27;[90m# steps.PlaylistSteps.api_call_executed_should_with_status_code(java.lang.Integer)&amp#27;[0m
      &amp#27;[31mjava.lang.AssertionError: 1 expectation failed.
Expected status code <400> but was <200>.

	at java.base/jdk.internal.reflect.DirectConstructorHandleAccessor.newInstance(DirectConstructorHandleAccessor.java:67)
	at java.base/java.lang.reflect.Constructor.newInstanceWithCaller(Constructor.java:499)
	at java.base/java.lang.reflect.Constructor.newInstance(Constructor.java:483)
	at org.codehaus.groovy.reflection.CachedConstructor.invoke(CachedConstructor.java:73)
	at org.codehaus.groovy.runtime.callsite.ConstructorSite$ConstructorSiteNoUnwrapNoCoerce.callConstructor(ConstructorSite.java:108)
	at org.codehaus.groovy.runtime.callsite.CallSiteArray.defaultCallConstructor(CallSiteArray.java:57)
	at org.codehaus.groovy.runtime.callsite.AbstractCallSite.callConstructor(AbstractCallSite.java:263)
	at org.codehaus.groovy.runtime.callsite.AbstractCallSite.callConstructor(AbstractCallSite.java:277)
	at io.restassured.internal.ResponseSpecificationImpl$HamcrestAssertionClosure.validate(ResponseSpecificationImpl.groovy:512)
	at io.restassured.internal.ResponseSpecificationImpl$HamcrestAssertionClosure$validate$1.call(Unknown Source)
	at io.restassured.internal.ResponseSpecificationImpl.validateResponseIfRequired(ResponseSpecificationImpl.groovy:696)
	at io.restassured.internal.ResponseSpecificationImpl.this$2$validateResponseIfRequired(ResponseSpecificationImpl.groovy)
	at java.base/jdk.internal.reflect.DirectMethodHandleAccessor.invoke(DirectMethodHandleAccessor.java:104)
	at java.base/java.lang.reflect.Method.invoke(Method.java:577)
	at org.codehaus.groovy.runtime.callsite.PlainObjectMetaMethodSite.doInvoke(PlainObjectMetaMethodSite.java:43)
	at org.codehaus.groovy.runtime.callsite.PogoMetaMethodSite$PogoCachedMethodSiteNoUnwrapNoCoerce.invoke(PogoMetaMethodSite.java:198)
	at org.codehaus.groovy.runtime.callsite.PogoMetaMethodSite.callCurrent(PogoMetaMethodSite.java:62)
	at org.codehaus.groovy.runtime.callsite.AbstractCallSite.callCurrent(AbstractCallSite.java:185)
	at io.restassured.internal.ResponseSpecificationImpl.statusCode(ResponseSpecificationImpl.groovy:135)
	at io.restassured.specification.ResponseSpecification$statusCode$0.callCurrent(Unknown Source)
	at io.restassured.internal.ResponseSpecificationImpl.statusCode(ResponseSpecificationImpl.groovy:143)
	at io.restassured.internal.ValidatableResponseOptionsImpl.statusCode(ValidatableResponseOptionsImpl.java:89)
	at steps.PlaylistSteps.api_call_executed_should_with_status_code(PlaylistSteps.java:109)
	at ✽.API call executed should with status code 400(file:///C:/Users/bidve.amol/eclipse-workspace/RestAssuredBDDFramework/src/test/resources/spotifyfeature/Playlist.feature:15)
&amp#27;[0m
]]></system-out>
  </testcase>
</testsuite>